[Mon, 10 Dec 2012 15:14:57 GMT] [Master] Forked AIS client process
[Mon, 10 Dec 2012 15:14:57 GMT] [Master] Forked worker process
[Mon, 10 Dec 2012 15:19:20 GMT] [Master] Forked AIS client process
[Mon, 10 Dec 2012 15:19:20 GMT] [Master] Forked worker process
[Mon, 10 Dec 2012 16:01:09 GMT] [Master] Forked AIS client process
[Mon, 10 Dec 2012 16:01:09 GMT] [Master] Forked worker process
[Mon, 10 Dec 2012 16:09:47 GMT] [Master] Forked AIS client process
[Mon, 10 Dec 2012 16:09:47 GMT] [Master] Forked worker process
[Mon, 10 Dec 2012 16:19:01 GMT] [Master] Forked AIS client process
[Mon, 10 Dec 2012 16:19:01 GMT] [Master] Forked worker process
[Thu, 13 Dec 2012 18:28:31 GMT] [Master] Forked AIS client process
[Thu, 13 Dec 2012 18:28:31 GMT] [Master] Forked worker process
[Thu, 13 Dec 2012 19:36:30 GMT] [Master] Forked AIS client process
[Thu, 13 Dec 2012 19:36:30 GMT] [Master] Forked worker process
[Thu, 13 Dec 2012 19:39:02 GMT] [Master] Forked AIS client process
[Thu, 13 Dec 2012 19:39:02 GMT] [Master] Forked worker process
[Thu, 13 Dec 2012 19:41:28 GMT] [Master] Forked AIS client process
[Thu, 13 Dec 2012 19:41:28 GMT] [Master] Forked worker process
[Thu, 13 Dec 2012 20:41:51 GMT] [Master] Forked AIS client process
[Thu, 13 Dec 2012 20:41:51 GMT] [Master] Forked worker process
[Thu, 13 Dec 2012 20:44:14 GMT] [Master] Forked AIS client process
[Thu, 13 Dec 2012 20:44:14 GMT] [Master] Forked worker process
[Thu, 13 Dec 2012 20:46:06 GMT] [Master] Forked AIS client process
[Thu, 13 Dec 2012 20:46:06 GMT] [Master] Forked worker process
[Thu, 13 Dec 2012 21:08:14 GMT] [Master] Forked AIS client process
[Thu, 13 Dec 2012 21:08:14 GMT] [Master] Forked worker process
[Thu, 13 Dec 2012 21:09:18 GMT] [Master] Forked AIS client process
[Thu, 13 Dec 2012 21:09:18 GMT] [Master] Forked worker process
[Thu, 13 Dec 2012 21:17:19 GMT] [Master] Forked AIS client process
[Thu, 13 Dec 2012 21:17:19 GMT] [Master] Forked worker process
[Thu, 13 Dec 2012 21:17:21 GMT] [Master] Forked AIS client process
[Thu, 13 Dec 2012 21:17:21 GMT] [Master] Forked worker process
[Thu, 13 Dec 2012 21:34:21 GMT] [Master] Forked AIS client process
[Thu, 13 Dec 2012 21:34:21 GMT] [Master] Forked worker process
[Thu, 13 Dec 2012 22:02:29 GMT] [Master] Forked AIS client process
[Thu, 13 Dec 2012 22:02:29 GMT] [Master] Forked worker process
[Thu, 13 Dec 2012 22:11:01 GMT] [Master] Forked AIS client process
[Thu, 13 Dec 2012 22:11:01 GMT] [Master] Forked worker process
[Thu, 13 Dec 2012 22:52:28 GMT] [Master] Forked AIS client process
[Thu, 13 Dec 2012 22:52:28 GMT] [Master] Forked worker process
[Thu, 13 Dec 2012 23:00:25 GMT] [Master] Forked AIS client process
[Thu, 13 Dec 2012 23:00:25 GMT] [Master] Forked worker process
[Sat, 15 Dec 2012 18:20:27 GMT] [Master] Forked AIS client process
[Sat, 15 Dec 2012 18:20:27 GMT] [Master] Forked worker process
[Sat, 15 Dec 2012 18:23:22 GMT] [Master] Forked AIS client process
[Sat, 15 Dec 2012 18:23:22 GMT] [Master] Forked worker process
[Sat, 15 Dec 2012 18:30:06 GMT] [Master] Forked AIS client process
[Sat, 15 Dec 2012 18:30:06 GMT] [Master] Forked worker process
[Sat, 15 Dec 2012 18:30:43 GMT] [Master] Forked AIS client process
[Sat, 15 Dec 2012 18:30:43 GMT] [Master] Forked worker process
[Sat, 15 Dec 2012 18:33:21 GMT] [Master] Forked AIS client process
[Sat, 15 Dec 2012 18:33:21 GMT] [Master] Forked worker process
[Sat, 15 Dec 2012 18:35:38 GMT] [Master] Forked AIS client process
[Sat, 15 Dec 2012 18:35:38 GMT] [Master] Forked worker process
[Sat, 15 Dec 2012 21:04:55 GMT] [Master] Forked AIS client process
[Sat, 15 Dec 2012 21:04:55 GMT] [Master] Forked worker process
[Sat, 15 Dec 2012 21:08:25 GMT] [Master] Forked AIS client process
[Sat, 15 Dec 2012 21:08:25 GMT] [Master] Forked worker process
[Sat, 15 Dec 2012 21:12:07 GMT] [Master] Forked AIS client process
[Sat, 15 Dec 2012 21:12:07 GMT] [Master] Forked worker process
[Sat, 15 Dec 2012 21:25:32 GMT] [Master] Forked AIS client process
[Sat, 15 Dec 2012 21:25:32 GMT] [Master] Forked worker process
[Sat, 15 Dec 2012 21:28:58 GMT] [Master] Forked AIS client process
[Sat, 15 Dec 2012 21:28:58 GMT] [Master] Forked worker process
[Sat, 15 Dec 2012 21:33:01 GMT] [Master] Forked AIS client process
[Sat, 15 Dec 2012 21:33:01 GMT] [Master] Forked worker process
[Sat, 15 Dec 2012 22:06:54 GMT] [Master] Forked AIS client process
[Sat, 15 Dec 2012 22:06:54 GMT] [Master] Forked worker process
[Sat, 15 Dec 2012 22:09:52 GMT] [Master] Forked AIS client process
[Sat, 15 Dec 2012 22:09:52 GMT] [Master] Forked worker process
[Sat, 15 Dec 2012 22:10:34 GMT] [Master] Forked AIS client process
[Sat, 15 Dec 2012 22:10:34 GMT] [Master] Forked worker process
[Sat, 15 Dec 2012 22:11:53 GMT] [Master] Forked AIS client process
[Sat, 15 Dec 2012 22:11:53 GMT] [Master] Forked worker process
[Sat, 15 Dec 2012 22:12:41 GMT] [Master] Forked AIS client process
[Sat, 15 Dec 2012 22:12:41 GMT] [Master] Forked worker process
[Sat, 15 Dec 2012 22:13:18 GMT] [Master] Forked AIS client process
[Sat, 15 Dec 2012 22:13:18 GMT] [Master] Forked worker process
[Sat, 15 Dec 2012 22:55:49 GMT] [Master] Forked AIS client process
[Sat, 15 Dec 2012 22:55:49 GMT] [Master] Forked worker process
[Sat, 15 Dec 2012 23:08:10 GMT] [Master] Forked AIS client process
[Sat, 15 Dec 2012 23:08:10 GMT] [Master] Forked worker process
[Sat, 15 Dec 2012 23:08:59 GMT] [Master] Forked AIS client process
[Sat, 15 Dec 2012 23:08:59 GMT] [Master] Forked worker process
[Sat, 15 Dec 2012 23:11:43 GMT] [Master] Forked AIS client process
[Sat, 15 Dec 2012 23:11:43 GMT] [Master] Forked worker process
[Sat, 15 Dec 2012 23:13:51 GMT] [Master] Forked AIS client process
[Sat, 15 Dec 2012 23:13:51 GMT] [Master] Forked worker process
[Sat, 15 Dec 2012 23:18:29 GMT] [Master] Forked AIS client process
[Sat, 15 Dec 2012 23:18:29 GMT] [Master] Forked worker process
[Sat, 15 Dec 2012 23:19:18 GMT] [Master] Forked AIS client process
[Sat, 15 Dec 2012 23:19:18 GMT] [Master] Forked worker process
[Sat, 15 Dec 2012 23:21:00 GMT] [Master] Forked AIS client process
[Sat, 15 Dec 2012 23:21:01 GMT] [Master] Forked worker process
[Sat, 15 Dec 2012 23:24:37 GMT] [Master] Forked AIS client process
[Sat, 15 Dec 2012 23:24:37 GMT] [Master] Forked worker process
[Sat, 15 Dec 2012 23:44:04 GMT] [Master] Forked AIS client process
[Sat, 15 Dec 2012 23:44:04 GMT] [Master] Forked worker process
[Sat, 15 Dec 2012 23:48:26 GMT] [Master] Forked AIS client process
[Sat, 15 Dec 2012 23:48:26 GMT] [Master] Forked worker process
[Sun, 16 Dec 2012 00:31:54 GMT] [Master] Forked AIS client process
[Sun, 16 Dec 2012 00:31:54 GMT] [Master] Forked worker process
[Sun, 16 Dec 2012 13:57:29 GMT] [Master] Forked AIS client process
[Sun, 16 Dec 2012 13:57:29 GMT] [Master] Forked worker process
[Sun, 16 Dec 2012 13:58:52 GMT] [Master] Forked AIS client process
[Sun, 16 Dec 2012 13:58:52 GMT] [Master] Forked worker process
[Sun, 16 Dec 2012 14:36:22 GMT] [Master] Forked AIS client process
[Sun, 16 Dec 2012 14:36:22 GMT] [Master] Forked worker process
[Sun, 16 Dec 2012 14:40:00 GMT] [Master] Forked AIS client process
[Sun, 16 Dec 2012 14:40:00 GMT] [Master] Forked worker process
[Sun, 16 Dec 2012 14:58:32 GMT] [Master] Forked AIS client process
[Sun, 16 Dec 2012 14:58:32 GMT] [Master] Forked worker process
[Sun, 16 Dec 2012 17:38:55 GMT] [Master] Forked AIS client process
[Sun, 16 Dec 2012 17:38:55 GMT] [Master] Forked worker process
[Sun, 16 Dec 2012 20:38:58 GMT] [Master] Forked AIS client process
[Sun, 16 Dec 2012 20:38:58 GMT] [Master] Forked worker process
[Sun, 16 Dec 2012 20:47:37 GMT] [Master] Forked AIS client process
[Sun, 16 Dec 2012 20:47:37 GMT] [Master] Forked worker process
[Sun, 16 Dec 2012 21:30:46 GMT] [Master] Forked AIS client process
[Sun, 16 Dec 2012 21:30:46 GMT] [Master] Forked worker process
[Sun, 16 Dec 2012 21:58:31 GMT] [Master] Forked AIS client process
[Sun, 16 Dec 2012 21:58:31 GMT] [Master] Forked worker process
[Sun, 16 Dec 2012 22:40:54 GMT] [Master] Forked AIS client process
[Sun, 16 Dec 2012 22:40:54 GMT] [Master] Forked worker process
[Sun, 16 Dec 2012 23:07:12 GMT] [Master] Forked AIS client process
[Sun, 16 Dec 2012 23:07:12 GMT] [Master] Forked worker process
[Mon, 17 Dec 2012 16:11:54 GMT] [Master] Forked AIS client process
[Mon, 17 Dec 2012 16:11:55 GMT] [Master] Forked worker process
[Mon, 17 Dec 2012 19:53:22 GMT] [Master] Forked AIS client process
[Mon, 17 Dec 2012 19:53:22 GMT] [Master] Forked worker process
[Mon, 17 Dec 2012 20:53:22 GMT] [Master] Forked AIS client process
[Mon, 17 Dec 2012 20:53:22 GMT] [Master] Forked worker process
[Mon, 17 Dec 2012 21:25:47 GMT] [Master] Forked AIS client process
[Mon, 17 Dec 2012 21:25:47 GMT] [Master] Forked worker process
[Mon, 17 Dec 2012 21:29:44 GMT] [Master] Forked AIS client process
[Mon, 17 Dec 2012 21:29:44 GMT] [Master] Forked worker process
[Mon, 17 Dec 2012 21:33:59 GMT] [Master] Forked AIS client process
[Mon, 17 Dec 2012 21:33:59 GMT] [Master] Forked worker process
[Mon, 17 Dec 2012 22:22:03 GMT] [Master] Forked AIS client process
[Mon, 17 Dec 2012 22:22:03 GMT] [Master] Forked worker process
[Mon, 17 Dec 2012 22:25:33 GMT] [Master] Forked AIS client process
[Mon, 17 Dec 2012 22:25:33 GMT] [Master] Forked worker process
[Mon, 17 Dec 2012 22:40:03 GMT] [Master] Forked AIS client process
[Mon, 17 Dec 2012 22:40:03 GMT] [Master] Forked worker process
[Mon, 17 Dec 2012 22:45:22 GMT] [Master] Forked AIS client process
[Mon, 17 Dec 2012 22:45:22 GMT] [Master] Forked worker process
[Mon, 17 Dec 2012 22:47:48 GMT] [Master] Forked AIS client process
[Mon, 17 Dec 2012 22:47:48 GMT] [Master] Forked worker process
[Mon, 17 Dec 2012 22:50:15 GMT] [Master] Forked AIS client process
[Mon, 17 Dec 2012 22:50:15 GMT] [Master] Forked worker process
[Mon, 17 Dec 2012 22:53:55 GMT] [Master] Forked AIS client process
[Mon, 17 Dec 2012 22:53:55 GMT] [Master] Forked worker process
[Mon, 17 Dec 2012 23:05:24 GMT] [Master] Forked AIS client process
[Mon, 17 Dec 2012 23:05:24 GMT] [Master] Forked worker process
[Mon, 17 Dec 2012 23:06:29 GMT] [Master] Forked AIS client process
[Mon, 17 Dec 2012 23:06:29 GMT] [Master] Forked worker process
[Mon, 17 Dec 2012 23:08:17 GMT] [Master] Forked AIS client process
[Mon, 17 Dec 2012 23:08:17 GMT] [Master] Forked worker process
[Mon, 17 Dec 2012 23:09:01 GMT] [Master] Forked AIS client process
[Mon, 17 Dec 2012 23:09:01 GMT] [Master] Forked worker process
[Mon, 17 Dec 2012 23:18:33 GMT] [Master] Forked AIS client process
[Mon, 17 Dec 2012 23:18:33 GMT] [Master] Forked worker process
[Mon, 17 Dec 2012 23:19:18 GMT] [Master] Forked AIS client process
[Mon, 17 Dec 2012 23:19:18 GMT] [Master] Forked worker process
[Mon, 17 Dec 2012 23:20:44 GMT] [Master] Forked AIS client process
[Mon, 17 Dec 2012 23:20:44 GMT] [Master] Forked worker process
[Mon, 17 Dec 2012 23:25:10 GMT] [Master] Forked AIS client process
[Mon, 17 Dec 2012 23:25:10 GMT] [Master] Forked worker process
[Mon, 17 Dec 2012 23:26:02 GMT] [Master] Forked AIS client process
[Mon, 17 Dec 2012 23:26:02 GMT] [Master] Forked worker process
[Sat, 22 Dec 2012 21:47:19 GMT] [Master] Forked AIS client process
[Sat, 22 Dec 2012 21:47:19 GMT] [Master] Forked worker process
[Sat, 22 Dec 2012 21:52:07 GMT] [Master] Forked AIS client process
[Sat, 22 Dec 2012 21:52:07 GMT] [Master] Forked worker process
[Sat, 22 Dec 2012 22:47:09 GMT] [Master] Forked AIS client process
[Sat, 22 Dec 2012 22:47:09 GMT] [Master] Forked worker process
[Sat, 22 Dec 2012 22:48:39 GMT] [Master] Forked AIS client process
[Sat, 22 Dec 2012 22:48:39 GMT] [Master] Forked worker process
[Sun, 23 Dec 2012 19:02:01 GMT] [Master] Forked AIS client process
[Sun, 23 Dec 2012 19:02:01 GMT] [Master] Forked worker process
[Sun, 23 Dec 2012 19:10:59 GMT] [Master] Forked AIS client process
[Sun, 23 Dec 2012 19:10:59 GMT] [Master] Forked worker process
[Sun, 23 Dec 2012 19:24:29 GMT] [Master] Forked AIS client process
[Sun, 23 Dec 2012 19:24:29 GMT] [Master] Forked worker process
[Sun, 23 Dec 2012 19:36:11 GMT] [Master] Forked AIS client process
[Sun, 23 Dec 2012 19:36:11 GMT] [Master] Forked worker process
[Sun, 23 Dec 2012 19:38:56 GMT] [Master] Forked AIS client process
[Sun, 23 Dec 2012 19:38:56 GMT] [Master] Forked worker process
[Sun, 23 Dec 2012 22:45:43 GMT] [Master] Forked AIS client process
[Sun, 23 Dec 2012 22:45:43 GMT] [Master] Forked worker process
[Sun, 23 Dec 2012 22:46:58 GMT] [Master] Forked AIS client process
[Sun, 23 Dec 2012 22:46:58 GMT] [Master] Forked worker process
[Mon, 24 Dec 2012 10:14:32 GMT] [Master] Forked AIS client process
[Mon, 24 Dec 2012 10:14:32 GMT] [Master] Forked worker process
[Tue, 25 Dec 2012 19:21:48 GMT] [Master] Forked AIS client process
[Tue, 25 Dec 2012 19:21:48 GMT] [Master] Forked worker process
[Tue, 25 Dec 2012 19:22:54 GMT] [Master] Forked AIS client process
[Tue, 25 Dec 2012 19:22:54 GMT] [Master] Forked worker process
[Tue, 25 Dec 2012 19:25:24 GMT] [Master] Forked AIS client process
[Tue, 25 Dec 2012 19:25:24 GMT] [Master] Forked worker process
[Tue, 25 Dec 2012 20:37:10 GMT] [Master] Forked AIS client process
[Tue, 25 Dec 2012 20:37:10 GMT] [Master] Forked worker process
[Tue, 25 Dec 2012 20:39:21 GMT] [Master] Forked AIS client process
[Tue, 25 Dec 2012 20:39:21 GMT] [Master] Forked worker process
[Tue, 25 Dec 2012 21:26:00 GMT] [Master] Forked AIS client process
[Tue, 25 Dec 2012 21:26:00 GMT] [Master] Forked worker process
[Tue, 25 Dec 2012 21:31:00 GMT] [Master] Forked AIS client process
[Tue, 25 Dec 2012 21:31:00 GMT] [Master] Forked worker process
[Tue, 25 Dec 2012 21:41:20 GMT] [Master] Forked AIS client process
[Tue, 25 Dec 2012 21:41:20 GMT] [Master] Forked worker process
[Tue, 25 Dec 2012 22:17:47 GMT] [Master] Forked AIS client process
[Tue, 25 Dec 2012 22:17:47 GMT] [Master] Forked worker process
[Tue, 25 Dec 2012 23:35:31 GMT] [Master] Forked AIS client process
[Tue, 25 Dec 2012 23:35:31 GMT] [Master] Forked worker process
[Wed, 26 Dec 2012 23:01:46 GMT] [Master] Forked AIS client process
[Wed, 26 Dec 2012 23:01:46 GMT] [Master] Forked worker process
[Wed, 26 Dec 2012 23:25:47 GMT] [Master] Forked AIS client process
[Wed, 26 Dec 2012 23:25:47 GMT] [Master] Forked worker process
[Sat, 29 Dec 2012 06:14:12 GMT] [Master] Forked AIS client process
[Sat, 29 Dec 2012 06:14:12 GMT] [Master] Forked worker process
[Sat, 29 Dec 2012 06:17:08 GMT] [Master] Forked AIS client process
[Sat, 29 Dec 2012 06:17:08 GMT] [Master] Forked worker process
[Sat, 29 Dec 2012 06:20:56 GMT] [Master] Forked AIS client process
[Sat, 29 Dec 2012 06:20:56 GMT] [Master] Forked worker process
[Sat, 29 Dec 2012 06:22:23 GMT] [Master] Forked AIS client process
[Sat, 29 Dec 2012 06:22:23 GMT] [Master] Forked worker process
[Sat, 29 Dec 2012 06:44:44 GMT] [Master] Forked AIS client process
[Sat, 29 Dec 2012 06:44:44 GMT] [Master] Forked worker process
[Sat, 29 Dec 2012 06:56:53 GMT] [Master] Forked AIS client process
[Sat, 29 Dec 2012 06:56:53 GMT] [Master] Forked worker process
[Wed, 02 Jan 2013 20:38:47 GMT] [Master] Forked AIS client process
[Wed, 02 Jan 2013 20:38:47 GMT] [Master] Forked worker process
[Wed, 02 Jan 2013 20:49:20 GMT] [Master] Forked AIS client process
[Wed, 02 Jan 2013 20:49:20 GMT] [Master] Forked worker process
[Wed, 02 Jan 2013 21:16:13 GMT] [Master] Forked AIS client process
[Wed, 02 Jan 2013 21:16:13 GMT] [Master] Forked worker process
[Wed, 02 Jan 2013 21:34:38 GMT] [Master] Forked AIS client process
[Wed, 02 Jan 2013 21:34:38 GMT] [Master] Forked worker process
[Wed, 02 Jan 2013 21:53:01 GMT] [Master] Forked AIS client process
[Wed, 02 Jan 2013 21:53:01 GMT] [Master] Forked worker process
[Wed, 02 Jan 2013 21:54:04 GMT] [Master] Forked AIS client process
[Wed, 02 Jan 2013 21:54:04 GMT] [Master] Forked worker process
[Wed, 02 Jan 2013 22:12:02 GMT] [Master] Forked AIS client process
[Wed, 02 Jan 2013 22:12:02 GMT] [Master] Forked worker process
[Wed, 02 Jan 2013 22:14:07 GMT] [Master] Forked AIS client process
[Wed, 02 Jan 2013 22:14:07 GMT] [Master] Forked worker process
[Wed, 02 Jan 2013 22:16:34 GMT] [Master] Forked AIS client process
[Wed, 02 Jan 2013 22:16:34 GMT] [Master] Forked worker process
[Wed, 02 Jan 2013 22:17:19 GMT] [Master] Forked AIS client process
[Wed, 02 Jan 2013 22:17:19 GMT] [Master] Forked worker process
[Wed, 02 Jan 2013 22:19:46 GMT] [Master] Forked AIS client process
[Wed, 02 Jan 2013 22:19:46 GMT] [Master] Forked worker process
[Wed, 02 Jan 2013 22:20:31 GMT] [Master] Forked AIS client process
[Wed, 02 Jan 2013 22:20:31 GMT] [Master] Forked worker process
[Wed, 02 Jan 2013 22:25:49 GMT] [Master] Forked AIS client process
[Wed, 02 Jan 2013 22:25:49 GMT] [Master] Forked worker process
[Wed, 02 Jan 2013 22:29:29 GMT] [Master] Forked AIS client process
[Wed, 02 Jan 2013 22:29:29 GMT] [Master] Forked worker process
[Wed, 02 Jan 2013 22:29:43 GMT] [Master] Forked AIS client process
[Wed, 02 Jan 2013 22:29:43 GMT] [Master] Forked worker process
[Wed, 02 Jan 2013 22:30:50 GMT] [Master] Forked AIS client process
[Wed, 02 Jan 2013 22:30:50 GMT] [Master] Forked worker process
[Wed, 02 Jan 2013 22:33:28 GMT] [Master] Forked AIS client process
[Wed, 02 Jan 2013 22:33:28 GMT] [Master] Forked worker process
[Wed, 02 Jan 2013 22:33:54 GMT] [Master] Forked AIS client process
[Wed, 02 Jan 2013 22:33:54 GMT] [Master] Forked worker process
[Wed, 02 Jan 2013 22:36:13 GMT] [Master] Forked AIS client process
[Wed, 02 Jan 2013 22:36:13 GMT] [Master] Forked worker process
[Wed, 02 Jan 2013 22:47:19 GMT] [Master] Forked AIS client process
[Wed, 02 Jan 2013 22:47:19 GMT] [Master] Forked worker process
[Wed, 02 Jan 2013 22:49:33 GMT] [Master] Forked AIS client process
[Wed, 02 Jan 2013 22:49:33 GMT] [Master] Forked worker process
[Wed, 02 Jan 2013 22:51:36 GMT] [Master] Forked AIS client process
[Wed, 02 Jan 2013 22:51:36 GMT] [Master] Forked worker process
[Wed, 02 Jan 2013 22:53:40 GMT] [Master] Forked AIS client process
[Wed, 02 Jan 2013 22:53:40 GMT] [Master] Forked worker process
[Thu, 03 Jan 2013 08:49:19 GMT] [Master] Forked AIS client process
[Thu, 03 Jan 2013 08:49:19 GMT] [Master] Forked worker process
[Thu, 03 Jan 2013 21:04:12 GMT] [Master] Forked AIS client process
[Thu, 03 Jan 2013 21:04:12 GMT] [Master] Forked worker process
[Thu, 03 Jan 2013 21:51:50 GMT] [Master] Forked AIS client process
[Thu, 03 Jan 2013 21:51:50 GMT] [Master] Forked worker process
[Thu, 03 Jan 2013 21:53:41 GMT] [Master] Forked AIS client process
[Thu, 03 Jan 2013 21:53:41 GMT] [Master] Forked worker process
[Thu, 03 Jan 2013 22:00:16 GMT] [Master] Forked AIS client process
[Thu, 03 Jan 2013 22:00:16 GMT] [Master] Forked worker process
[Thu, 03 Jan 2013 22:00:47 GMT] [Master] Forked AIS client process
[Thu, 03 Jan 2013 22:00:47 GMT] [Master] Forked worker process
[Thu, 03 Jan 2013 22:04:24 GMT] [Master] Forked AIS client process
[Thu, 03 Jan 2013 22:04:24 GMT] [Master] Forked worker process
[Thu, 03 Jan 2013 22:26:03 GMT] [Master] Forked AIS client process
[Thu, 03 Jan 2013 22:26:03 GMT] [Master] Forked worker process
[Thu, 03 Jan 2013 22:30:30 GMT] [Master] Forked AIS client process
[Thu, 03 Jan 2013 22:30:30 GMT] [Master] Forked worker process
[Thu, 03 Jan 2013 22:36:40 GMT] [Master] Forked AIS client process
[Thu, 03 Jan 2013 22:36:40 GMT] [Master] Forked worker process
[Fri, 04 Jan 2013 05:33:05 GMT] [Master] Forked AIS client process
[Fri, 04 Jan 2013 05:33:05 GMT] [Master] Forked worker process
[Fri, 04 Jan 2013 05:57:03 GMT] [Master] Forked AIS client process
[Fri, 04 Jan 2013 05:57:03 GMT] [Master] Forked worker process
[Fri, 04 Jan 2013 06:02:56 GMT] [Master] Forked AIS client process
[Fri, 04 Jan 2013 06:02:56 GMT] [Master] Forked worker process
[Fri, 04 Jan 2013 06:04:11 GMT] [Master] Forked AIS client process
[Fri, 04 Jan 2013 06:04:11 GMT] [Master] Forked worker process
[Fri, 04 Jan 2013 06:09:09 GMT] [Master] Forked AIS client process
[Fri, 04 Jan 2013 06:09:09 GMT] [Master] Forked worker process
[Fri, 04 Jan 2013 06:14:13 GMT] [Master] Forked AIS client process
[Fri, 04 Jan 2013 06:14:13 GMT] [Master] Forked worker process
[Fri, 04 Jan 2013 06:20:24 GMT] [Master] Forked AIS client process
[Fri, 04 Jan 2013 06:20:24 GMT] [Master] Forked worker process
[Fri, 04 Jan 2013 06:43:53 GMT] [Master] Forked AIS client process
[Fri, 04 Jan 2013 06:43:53 GMT] [Master] Forked worker process
[Fri, 04 Jan 2013 07:53:10 GMT] [Master] Forked AIS client process
[Fri, 04 Jan 2013 07:53:10 GMT] [Master] Forked worker process
[Fri, 04 Jan 2013 08:27:28 GMT] [Master] Forked AIS client process
[Fri, 04 Jan 2013 08:27:28 GMT] [Master] Forked worker process
[Fri, 04 Jan 2013 08:34:51 GMT] [Master] Forked AIS client process
[Fri, 04 Jan 2013 08:34:51 GMT] [Master] Forked worker process
[Fri, 04 Jan 2013 08:35:59 GMT] [Master] Forked AIS client process
[Fri, 04 Jan 2013 08:35:59 GMT] [Master] Forked worker process
[Fri, 04 Jan 2013 08:38:10 GMT] [Master] Forked AIS client process
[Fri, 04 Jan 2013 08:38:10 GMT] [Master] Forked worker process
[Fri, 04 Jan 2013 08:38:47 GMT] [Master] Forked AIS client process
[Fri, 04 Jan 2013 08:38:47 GMT] [Master] Forked worker process
[Sat, 05 Jan 2013 19:25:55 GMT] [Master] Forked AIS client process
[Sat, 05 Jan 2013 19:25:55 GMT] [Master] Forked worker process
[Sat, 05 Jan 2013 19:33:50 GMT] [Master] Forked AIS client process
[Sat, 05 Jan 2013 19:33:50 GMT] [Master] Forked worker process
[Sat, 05 Jan 2013 19:34:49 GMT] [Master] Forked AIS client process
[Sat, 05 Jan 2013 19:34:49 GMT] [Master] Forked worker process
[Sat, 05 Jan 2013 19:36:47 GMT] [Master] Forked AIS client process
[Sat, 05 Jan 2013 19:36:47 GMT] [Master] Forked worker process
[Sat, 05 Jan 2013 19:40:32 GMT] [Master] Forked AIS client process
[Sat, 05 Jan 2013 19:40:32 GMT] [Master] Forked worker process
[Sat, 05 Jan 2013 19:44:11 GMT] [Master] Forked AIS client process
[Sat, 05 Jan 2013 19:44:11 GMT] [Master] Forked worker process
[Sat, 05 Jan 2013 19:46:17 GMT] [Master] Forked AIS client process
[Sat, 05 Jan 2013 19:46:17 GMT] [Master] Forked worker process
[Sat, 05 Jan 2013 19:47:38 GMT] [Master] Forked AIS client process
[Sat, 05 Jan 2013 19:47:38 GMT] [Master] Forked worker process
[Sat, 05 Jan 2013 20:33:02 GMT] [Master] Forked AIS client process
[Sat, 05 Jan 2013 20:33:02 GMT] [Master] Forked worker process
[Sat, 05 Jan 2013 20:34:00 GMT] [Master] Forked AIS client process
[Sat, 05 Jan 2013 20:34:00 GMT] [Master] Forked worker process
